0 info it worked if it ends with ok
1 verbose cli [ '/usr/local/Cellar/node/5.5.0/bin/node',
1 verbose cli   '/usr/local/bin/npm',
1 verbose cli   'publish' ]
2 info using npm@3.5.3
3 info using node@v5.5.0
4 verbose publish [ '.' ]
5 silly cache add args [ '.', null ]
6 verbose cache add spec .
7 silly cache add parsed spec Result {
7 silly cache add   raw: '.',
7 silly cache add   scope: null,
7 silly cache add   name: null,
7 silly cache add   rawSpec: '.',
7 silly cache add   spec: '/Users/luckduvip/webapps/cli',
7 silly cache add   type: 'directory' }
8 verbose addLocalDirectory /Users/luckduvip/.npm/cli/1.0.0/package.tgz not in flight; packing
9 info lifecycle cli@1.0.0~prepublish: cli@1.0.0
10 silly lifecycle cli@1.0.0~prepublish: no script for prepublish, continuing
11 verbose tar pack [ '/Users/luckduvip/.npm/cli/1.0.0/package.tgz',
11 verbose tar pack   '/Users/luckduvip/webapps/cli' ]
12 verbose tarball /Users/luckduvip/.npm/cli/1.0.0/package.tgz
13 verbose folder /Users/luckduvip/webapps/cli
14 verbose addLocalTarball adding from inside cache /Users/luckduvip/.npm/cli/1.0.0/package.tgz
15 silly cache afterAdd cli@1.0.0
16 verbose afterAdd /Users/luckduvip/.npm/cli/1.0.0/package/package.json not in flight; writing
17 verbose afterAdd /Users/luckduvip/.npm/cli/1.0.0/package/package.json written
18 silly publish { name: 'cli',
18 silly publish   version: '1.0.0',
18 silly publish   description: 'my cli tools',
18 silly publish   main: 'index.js',
18 silly publish   scripts: { test: 'test.js' },
18 silly publish   repository: { type: 'git', url: 'git+https://github.com/luckduvip/cli.git' },
18 silly publish   preferGlobal: 'true',
18 silly publish   keywords: [],
18 silly publish   author: { name: 'luckduvip' },
18 silly publish   license: 'MIT',
18 silly publish   bugs: { url: 'https://github.com/luckduvip/cli/issues' },
18 silly publish   homepage: 'https://github.com/luckduvip/cli#readme',
18 silly publish   gitHead: 'cdb7066244476fa5020e0c3329cb96f36ac68c00',
18 silly publish   readme: 'ERROR: No README data found!',
18 silly publish   _id: 'cli@1.0.0',
18 silly publish   _shasum: 'c99cfebf4170a6656d5047ddc803ba2f28c1aa9e',
18 silly publish   _from: '.' }
19 verbose getPublishConfig undefined
20 silly mapToRegistry name cli
21 silly mapToRegistry using default registry
22 silly mapToRegistry registry http://registry.npm.taobao.org/
23 silly mapToRegistry uri http://registry.npm.taobao.org/cli
24 verbose publish registryBase http://registry.npm.taobao.org/
25 silly publish uploading /Users/luckduvip/.npm/cli/1.0.0/package.tgz
26 verbose request uri http://registry.npm.taobao.org/cli
27 verbose request sending authorization for write operation
28 info attempt registry request try #1 at 18:10:22
29 verbose request id bffc1b145cfa8a78
30 http request PUT http://registry.npm.taobao.org/cli
31 http 403 http://registry.npm.taobao.org/cli
32 verbose headers { date: 'Sat, 05 Mar 2016 10:10:23 GMT',
32 verbose headers   'content-type': 'application/json; charset=utf-8',
32 verbose headers   'content-length': '87',
32 verbose headers   connection: 'keep-alive',
32 verbose headers   'x-readtime': '6' }
33 verbose request invalidating /Users/luckduvip/.npm/registry.npm.taobao.org/cli on PUT
34 error publish Failed PUT 403
35 verbose stack Error: no_perms Private mode enable, only admin can publish this module: cli
35 verbose stack     at makeError (/usr/local/lib/node_modules/npm/node_modules/npm-registry-client/lib/request.js:264:12)
35 verbose stack     at CachingRegistryClient.<anonymous> (/usr/local/lib/node_modules/npm/node_modules/npm-registry-client/lib/request.js:252:14)
35 verbose stack     at Request._callback (/usr/local/lib/node_modules/npm/node_modules/npm-registry-client/lib/request.js:172:14)
35 verbose stack     at Request.self.callback (/usr/local/lib/node_modules/npm/node_modules/request/request.js:198:22)
35 verbose stack     at emitTwo (events.js:100:13)
35 verbose stack     at Request.emit (events.js:185:7)
35 verbose stack     at Request.<anonymous> (/usr/local/lib/node_modules/npm/node_modules/request/request.js:1035:10)
35 verbose stack     at emitOne (events.js:95:20)
35 verbose stack     at Request.emit (events.js:182:7)
35 verbose stack     at IncomingMessage.<anonymous> (/usr/local/lib/node_modules/npm/node_modules/request/request.js:962:12)
36 verbose statusCode 403
37 verbose pkgid cli
38 verbose cwd /Users/luckduvip/webapps/cli
39 error Darwin 14.5.0
40 error argv "/usr/local/Cellar/node/5.5.0/bin/node" "/usr/local/bin/npm" "publish"
41 error node v5.5.0
42 error npm  v3.5.3
43 error code E403
44 error no_perms Private mode enable, only admin can publish this module: cli
45 error If you need help, you may report this error at:
45 error     <https://github.com/npm/npm/issues>
46 verbose exit [ 1, true ]
